
SQL*Loader: Release 21.0.0.0.0 - Production on Mon Jun 10 20:04:06 2024
Version 21.3.0.0.0

Copyright (c) 1982, 2021, Oracle and/or its affiliates.  All rights reserved.

Control File:   gabinet.ctl
Data File:      gabinet.csv
  Bad File:     gabinet.bad
  Discard File:  none specified
 
 (Allow all discards)

Number to load: ALL
Number to skip: 0
Errors allowed: 50
Bind array:     250 rows, maximum of 1048576 bytes
Continuation:    none specified
Path used:      Conventional

Table GABINET, loaded from every logical record.
Insert option in effect for this table: INSERT

   Column Name                  Position   Len  Term Encl Datatype
------------------------------ ---------- ----- ---- ---- ---------------------
GABINET_ID                          FIRST     *   ,  O(") CHARACTER            
NUMER                                NEXT     *   ,  O(") CHARACTER            
TYP_GABINETU_ID                      NEXT     *   ,  O(") CHARACTER            

SQL*Loader-601: For INSERT option, table must be empty.  Error on table GABINET
