
SQL*Loader: Release 21.0.0.0.0 - Production on Mon Jun 10 20:04:09 2024
Version 21.3.0.0.0

Copyright (c) 1982, 2021, Oracle and/or its affiliates.  All rights reserved.

Control File:   wizyta.ctl
Data File:      wizyta.csv
  Bad File:     wizyta.bad
  Discard File:  none specified
 
 (Allow all discards)

Number to load: ALL
Number to skip: 0
Errors allowed: 50
Bind array:     250 rows, maximum of 1048576 bytes
Continuation:    none specified
Path used:      Conventional

Table WIZYTA, loaded from every logical record.
Insert option in effect for this table: INSERT
TRAILING NULLCOLS option in effect

   Column Name                  Position   Len  Term Encl Datatype
------------------------------ ---------- ----- ---- ---- ---------------------
WIZYTA_ID                           FIRST     *   ,       CHARACTER            
DATA                                 NEXT     *   ,       DATE YYYY-MM-DD      
GODZINA                              NEXT     *   ,       CHARACTER            
    SQL string for column : "TO_DSINTERVAL('0 ' || :godzina)"
PACJENT_ID                           NEXT     *   ,       CHARACTER            
PRACOWNIK_ID                         NEXT     *   ,       CHARACTER            
GABINET_ID                           NEXT     *   ,       CHARACTER            
TYP_OPLATY_ID                        NEXT     *   ,       CHARACTER            


Table WIZYTA:
  100000 Rows successfully loaded.
  0 Rows not loaded due to data errors.
  0 Rows not loaded because all WHEN clauses were failed.
  0 Rows not loaded because all fields were null.


Space allocated for bind array:                 451500 bytes(250 rows)
Read   buffer bytes: 1048576

Total logical records skipped:          0
Total logical records read:        100000
Total logical records rejected:         0
Total logical records discarded:        0

Run began on Mon Jun 10 20:04:09 2024
Run ended on Mon Jun 10 20:04:10 2024

Elapsed time was:     00:00:01.56
CPU time was:         00:00:00.00
